Vk14+Y98bL5q+Mj6qmTa7bCduLG5s5chAn+P+LFubRqG9vfZct++ivwtzWGqHDEdyIu+Z7knGpXi/vNUTlY/mvMr8srLMK4tV7Nt49RaS3hlJVZZC3quAQ==
q03FvU5pktDypHRmKgMiMxHwceNAc3KpuDEXxJ2rN7XGfkhz0iuOF6vpSD6fdbfTxBWIee4yBfPZ79YKnCVtrhg=
WSiv7fkvSv0wj37vs5OTkHRsYy8NpYDyJyt7i6WTPzNfPcEt4yQ5VD3i9PjcCWEer7d4Txwct7MWHh6gE8QfEZos71KDAyuZdZXgSFtGaT9eXw94rg8=
ya4CR1YEvDl6I4WyGYIhEaICD28adnpdb5oJScb6zlIUILI+L7LV9EmgYWdPkbROUz1zkgBdREnSCiHT/ffKGpAtaa4c
HxQh2ZSmfeiScDLLs14sDKMCD28adnpdb5oJScb6zlIUILI+L7LV9EmgYWdPkbROUz1zkgBdREnSCiHT/ffKGpAtaa4c
+YHOB33Sr6k2aTDXuB6eFqACD28adnpdb5oJScb6zlIUILI+L7LV9EmgYWdPkbROUz1zkgBdREnSCiHT/ffKGpAtaa4c
dn8njzfmAtWE17eRNAV5qikfg7dh+DkSXyVYWzGU6NwBATyHhmfa356ADGRowiLk/9gnDeow1w5CX5MFBQlY1Lsa0eMugzdkrhM=
QXFgQ3uYafk1EPEffQ3jZygfg7dh+DkSXyVYWzGU6NwBATyHhmfa356ADGRowiLk/9gnDeow1w5CX5MFBQlY1Lsa0eMugzdkrhM=
Y7eTU+Iha2LBOB+XIoHVbCsfg7dh+DkSXyVYWzGU6NwBATyHhmfa356ADGRowiLk/9gnDeow1w5CX5MFBQlY1Lsa0eMugzdkrhM=
+MIBbJogeyEbFpURqNSGb1zHkbxlIVCnu2bzNjRPMCK4Fb0+o9lMflz6tnR4fuXm99xbpGt3ZbVmBpFp2TKqycbBQK6LgzezGDKyOWOuFg==
OnNBwJJBAqF6HJ9BeLEWEl3HkbxlIVCnu2bzNjRPMCK4Fb0+o9lMflz6tnR4fuXm99xbpGt3ZbVmBpFp2TKqycbBQK6LgzezGDKyOWOuFg==
F5MzLe5INsSb6/fBNJP8D17HkbxlIVCnu2bzNjRPMCK4Fb0+o9lMflz6tnR4fuXm99xbpGt3ZbVmBpFp2TKqycbBQK6LgzezGDKyOWOuFg==
Niijh71UXhkNAqCRtQS5Mhdw7a/PDsAv1g6ODbsytelaErqigLg+vqMqQYS9yP3H8zngnifFP1JMZXAZBmLds+Hf/iqENWWuEA==
vDaxRcmVX0G/w1oG7HaiYhdq66/TFsEv1g6ODbsytelaErqigLg+vqMqQYS9yP3H8zngnifFP1JMZXAZBmLds+Hf/iqENWWuEA==
OzgT9d2962wZ2dq5cYUN7PctNglVOD0TPIsWSdypi1QRI7M1QvbE406zandPkbROUz1zkgBdREnSCiHT/ffKGpAtaa4c
xFktI+G3Zw+LmDq0/zYBhPctNglVOD0TPI8UR9ypi1QRI7M1QvbE406zandPkbROUz1zkgBdREnSCiHT/ffKGpAtaa4c
w5lyb2gNnmhDewxpbsKghdG70I+EsA6KxURPr7Y22NeUzQh2D/EfrTqQ13UKqEeGwtcDnWXxKBz70uHbDpsnbK4b
Rfdx07Nhjh/mC4R2721M9s7RUkHLkaU+ij8oliEVVX1vSIfdqgD3PkJvszXFWfhEO4oxs+7z1xSuYw==
Kdwjr9nARhbieQ6scKtjYI9d8kREad3BNHTEIZs7jcWeZlk5QbIymQ7heJ6jQ58jgNL6yRuubg==
L9EcLnrplkEH89vpaGdKAEUk1o5qMBbZG1yE75LG0r0XalGJ/qoWMvwwuj4nor0UEXBZJ5fhTC77jfsZiq0t6mq6+ZMFpxI6uD1hrhQ=
YW+px3o1oXt8IkOpLV2eRRSIzjGChgQpBrzLpho5di3z3JF2tmkGYebyrplDVkVbhOjqYlDYLr6zyhHXYqx3R4PZUN7XpQ9ZPkVBWvbCbTNxfy5qVBV1rgA=
CMCWuRasGKg5VvmK/LYJrBZo4a/WGN8v1g6ODbsytelaErqigLg+vqMqQYS9yP3H8zngnifFP1tIZXEaBmLds+Hf/iqENWWuEA==
eNQmkQhUT74vuj93Gt6Z6w6u37sOHeTgokhsF2uNhOIh2jYiLZfxBFzYgoJoyCa+u9opt4qcL4c7ibh+T1WH27D12bpekpVzKY8GSqwFfa4I
0J8WDrejBf0kKKX89MKZ59t4EyYSiivceH98c/+vVjqS5Caug0gOXlrg6JCThgN2aihKBv1Y3AJPzwK0+X654wFiDyJfCgnum+XaAq8nbYXw+GetapCX7k8+U6KGqZj0u/oRg65jd0SuMw==
bQGJZwwzD9l8HppAWb/ulEQk1o5qMBbZG1yE75LG0r0XalGJ/qoWMvwwuj4nor0UEXBZJ5fhTC77jfsYi60q6mq6+ZMFpxI6uD1hrhQ=
/yjOV3D9yub8LAESNVN3+hSIzjGChgQpBrzLpho5di3z3JF2tmgGYebyrplDVkVbhOjqYlDYLr6zyhHXYqx3R4PZUN7XpQ9YP0VGWvbCbTNxfy5qVBV1rgA=
XdqdnliqEWphQmPz7opXOxdo4a/WGN8v1g6ODbsytelaErqigLg+vqMqQYS9yP3H8zngnifFP11PZXYaBmLds+Hf/iqENWWuEA==
Hm5orv6yyFEFTM2c+0yjEg6u37sOHeTgokhsF2uNhOIh2zYiLZfxBFzYgoJoyCa+u9opt4qcL4c7ibh+T1WH3bf13rpekpVzKY8GSqwFfa4I
FJxCK5oOdeedrWl/bkkawkck1o5qMBbZG1yE75LG0r0XalGJ/qoWMvwwuj4nor0UEXBZJ5fhTC77jfsbiq0q6mq6+ZMFpxI6uD1hrhQ=
Cm8r1/9RoFKXc8yCQ/5qjBSIzjGChgQpBrzLpho5di3z3JF2tmsGYebyrplDVkVbhOjqYlDYLr6zyhHXYqx3R4PZUN7XpQ9bPkVGWvbCbTNxfy5qVBV1rgA=
bQjZ4PudDN+wZsf/N93fZhRo4a/WGN8v1g6ODbsytelaErqigLg+vqMqQYS9yP3H8zngnifFP1hOZXYaBmLds+Hf/iqENWWuEA==
fhz1FvCJu4/qt1/hWBblOw6u37sOHeTgokhsF2uNhOIh2DYiLZfxBFzYgoJoyCa+u9opt4qcL4c7ibh+T1WH2Lb13rpekpVzKY8GSqwFfa4I
97cX8fakBFAagoFMx08kYLvacwjs7XpPmwGVKLuWGgypWCMRSt61kLQLC0YNQc78zBi/i80PY7cQknpJcMKIzu+GkWIbaUKOH8v1KZBUv0Ha3M8ijvEL6LdFQNjb1glvnm9vSK4/
