pwi07hdwBe4FsDUdTCBdNLCduLG5s5chAn+P+LFubRqG9vfZct++ivwtzWGqHDEdyIu+Z7knGpXi/vNUTlY/mvMr8srLMKgpV7ds49RYS3tlJVZZC2ujAg==
F6ysHST8GZ46Ekj4XmxikRHwceNAc3KpuDEXxJ2rN7XGfkhz0iuOF6vpSD6fdbfdwBWMeO4yB/Pa79YKnCV8oxs=
8KboTsdaBWvwD8m6LOEWegcI5cXMawjgolbK1Ouvsmzkr+yNld525b86HHJzC6w0T5LCHQlO6v+LnZzFlsPkiLCNhu2I05wP0vN5U9fZO8KPhKzjtfOmRoD8kc3gAvfYx5tx7Qq2bUHNfToh/rBsdh0jQIv04i5RRqMh
kBPRDXmm4357rm6DqN/E+BZq66/TFsEv1g6ODbsytelaErqigLg+vqMqQYS9yP3H8zngnifFP1xIZXQYBmLfs+Lf/iqENXSjEw==
gS3V9GtCuS5UnXCji6KA2UUz3ZV3LzDSCl6U75LG0r0XalGJ/qoWMvwwuj4nor0UEXBZJ5fhTC77jfscjK0o6Gq6+5MGpxI6uD1woxc=
U2kvgSQ6bpFqx5Efd3iFaBWAp5RdNj3SzU9Os8hnfx9MVTmW1Mrxaxi53pWWGV7a+ArAYL4Sb1KjkxKie6gsocfPzEukgIsztR02sTtzowo=
abSVWlk6bAW2ax2ieaTQFRZw7a/PDsAv1g6ODbsytelaErqigLg+vqMqQYS9yP3H8zngnifFP1NIZXQYBmLfs+Lf/iqENXSjEw==
wxhTpTYU5CZDQrnPcHnHZEUp25VrNzHSCl6U75LG0r0XalGJ/qoWMvwwuj4nor0UEXBZJ5fhTC77jfsTjK0o6Gq6+5MGpxI6uD1woxc=
KNioNwOwhGlnLe/RZsxOtBWAp5RHMD3O1U5Os8hnfx9MVTmW1Mrxaxi53pWWGV7a+ArAYL4Sb1KjkxKie6gjocfPzEukgIsztR02sTtzowo=
OPSwttBBZqJ0JlXtJL4pDqICD28adnpdb5oJScb6zlIUILI+L7LV9EmgYWdPkbROUz1zkwRdQEjSCiPT/vfKGpAteKMf
ORZvpi2H0KdSXyNf0PViKhZb3qLWFtAv1g6ODbsytelaErqigLg+vqMqQYS9yP3H8zngnifFP1NIZXQYBmLfs+Lf/iqENXSjEw==
r+SFxIDYhFD6OoZHng9ody5Gges5eR5/gKO/Q7QBiTq8LlHXgM1OGR6d3kZAnjAMFrYPrvsnwu6z7GN9vxv8Z0zkqw+t6Sa9M3ejFg==
DtZwWX0KLdXGrGjBShct4EUC6JhyLyHSCl6U75LG0r0XalGJ/qoWMvwwuj4nor0UEXBZJ5fhTC77jfsTjK0o6Gq6+5MGpxI6uD1woxc=
3Bzb1m2Q6mhY4ENHyPDEvC5Fges5eR5/gKO/Q7QBiTq8LlHXgM1OGR6d3kZAnjAMFrYPrvsnwu6z7GN9vxv8Z0zkqw+t6Sa9M3ejFg==
qHf4xc+dFk/IDtCND4l97RWAp5RsAzDXzV5Os8hnfx9MVTmW1Mrxaxi53pWWGV7a+ArAYL4Sb1KjkxKie6gjocfPzEukgIsztR02sTtzowo=
Vys1E3SMPzRC0Wsanv+50vctNglVOD0TPIsWSdypi1QRI7M1QvbE406zandPkbROUz1zkwRdQEjSCiPT/vfKGpAteKMf
X+fuCz5EHhIxUccC6SM7qPctNglVOD0TPI8UR9ypi1QRI7M1QvbE406zandPkbROUz1zkwRdQEjSCiPT/vfKGpAteKMf
rIJujm5p+Bp7jIuXYZaiptG70I+EsA6KxURPr7Y22NeUzQh2D/EfrTqQ13UKqEeGw9MDmWTxKB770eHbDpsnfaMY
dvIiYr40Qcbik+O57Fyk7c7RUkHLkaU+ij8oliEVVX1vSIfdqgD3PkNrszHEWfhGO4kxs+7z1wWjYA==
q4lcmtdRIXdNukfDiEEo2I9d8kREad3BNHTEIZs7jcWeZlk5QbM2mQrgeJ6hQ5wjgNL6yQqjbQ==
07hO2ItGEd5QsnSi0VdTvLBENX2KFhui1yw72QsDJXdrsVEfWzTCn12mqU9lbWyLPJH5InSS85ZVZQQWEAYBHks9KgA+AEJZ+Q214h5O0pxoc1YtAFAmfWyADzUDRi/dJgfgt0fBXO4LLasdWE2Zq3paKxN2h+L6KF1Aoyc=
sH4sB5pHCPmD6wd+lbtuER+zeuFcYXO7qSFU1IL+N7/9P08j3jWEAqvpSD6fdbfdxBWNe+4yB/Pa79YKnCV8oxs=
z+wHw+Iv/tGHSczeYQjbozO0rzxLpL9Zj4u55wfJNX8/bG4v4W5tj6HaknvQSd0CUKqshkltABYUDh0OZ3YOIBrYrqkFtnEi2vVuLMRYMk1kKErt8AiLtYfOs03K/wRXoxnwXrdl71odBeTbFgIPM1K/zuo0VUSjIw==
B9K5xjAtgC3lp14GcO19HB+zeuFcYXO7qSFU1IL+N7/9P08j3jWEAqvpSD6fdbfZxRWMe+4yB/Pa79YKnCV8oxs=
+ALxRX6zGixneJPINWjXJc7RUkHLkaU+ij8oliEVVX1vSIfdqgD3PkluszHHWfhGO4kxs+7z1wWjYA==
jiAEr32/8oATMdePc6Caxo9d8kREad3BNHTEIZs7jcWeZlk5QbkzmQrjeJ6hQ5wjgNL6yQqjbQ==
